# JRE version: OpenJDK Runtime Environment (8.0_212-b04) (build 1.8.0_212-release-1586-b04)
# Java VM: OpenJDK 64-Bit Server VM (25.212-b04 mixed mode windows-amd64 compressed oops)
Heap:
 PSYoungGen      total 245248K, used 164441K [0x00000000e0000000, 0x00000000f3480000, 0x0000000100000000)
  eden space 197632K, 59% used [0x00000000e0000000,0x00000000e721cff0,0x00000000ec100000)
  from space 47616K, 99% used [0x00000000ef880000,0x00000000f26f95a8,0x00000000f2700000)
  to   space 56832K, 0% used [0x00000000ec100000,0x00000000ec100000,0x00000000ef880000)
 ParOldGen       total 148480K, used 82478K [0x00000000a0000000, 0x00000000a9100000, 0x00000000e0000000)
  object space 148480K, 55% used [0x00000000a0000000,0x00000000a508b8b0,0x00000000a9100000)
 Metaspace       used 89954K, capacity 94264K, committed 94376K, reserved 1130496K
  class space    used 11856K, capacity 12710K, committed 12712K, reserved 1048576K
GC Heap History (10 events):
Event: 39.609 GC heap before
{Heap before GC invocations=17 (full 3):
 PSYoungGen      total 168960K, used 159970K [0x00000000e0000000, 0x00000000ed180000, 0x0000000100000000)
  eden space 146944K, 100% used [0x00000000e0000000,0x00000000e8f80000,0x00000000e8f80000)
  from space 22016K, 59% used [0x00000000e8f80000,0x00000000e9c388e8,0x00000000ea500000)
  to   space 21504K, 0% used [0x00000000ebc80000,0x00000000ebc80000,0x00000000ed180000)
 ParOldGen       total 148480K, used 36857K [0x00000000a0000000, 0x00000000a9100000, 0x00000000e0000000)
  object space 148480K, 24% used [0x00000000a0000000,0x00000000a23fe500,0x00000000a9100000)
 Metaspace       used 65193K, capacity 67594K, committed 67624K, reserved 1107968K
  class space    used 8938K, capacity 9507K, committed 9512K, reserved 1048576K
Event: 39.639 GC heap after
Heap after GC invocations=17 (full 3):
 PSYoungGen      total 190464K, used 19793K [0x00000000e0000000, 0x00000000ed600000, 0x0000000100000000)
  eden space 168960K, 0% used [0x00000000e0000000,0x00000000e0000000,0x00000000ea500000)
  from space 21504K, 92% used [0x00000000ebc80000,0x00000000ecfd4508,0x00000000ed180000)
  to   space 24064K, 0% used [0x00000000ea500000,0x00000000ea500000,0x00000000ebc80000)
 ParOldGen       total 148480K, used 36865K [0x00000000a0000000, 0x00000000a9100000, 0x00000000e0000000)
  object space 148480K, 24% used [0x00000000a0000000,0x00000000a2400500,0x00000000a9100000)
 Metaspace       used 65193K, capacity 67594K, committed 67624K, reserved 1107968K
  class space    used 8938K, capacity 9507K, committed 9512K, reserved 1048576K
}
Event: 60.936 GC heap before
{Heap before GC invocations=18 (full 3):
 PSYoungGen      total 190464K, used 188753K [0x00000000e0000000, 0x00000000ed600000, 0x0000000100000000)
  eden space 168960K, 100% used [0x00000000e0000000,0x00000000ea500000,0x00000000ea500000)
  from space 21504K, 92% used [0x00000000ebc80000,0x00000000ecfd4508,0x00000000ed180000)
  to   space 24064K, 0% used [0x00000000ea500000,0x00000000ea500000,0x00000000ebc80000)
 ParOldGen       total 148480K, used 36865K [0x00000000a0000000, 0x00000000a9100000, 0x00000000e0000000)
  object space 148480K, 24% used [0x00000000a0000000,0x00000000a2400500,0x00000000a9100000)
 Metaspace       used 71708K, capacity 74296K, committed 74664K, reserved 1114112K
  class space    used 9678K, capacity 10285K, committed 10408K, reserved 1048576K
Event: 60.989 GC heap after
Heap after GC invocations=18 (full 3):
 PSYoungGen      total 193024K, used 24041K [0x00000000e0000000, 0x00000000efc80000, 0x0000000100000000)
  eden space 168960K, 0% used [0x00000000e0000000,0x00000000e0000000,0x00000000ea500000)
  from space 24064K, 99% used [0x00000000ea500000,0x00000000ebc7a788,0x00000000ebc80000)
  to   space 32768K, 0% used [0x00000000edc80000,0x00000000edc80000,0x00000000efc80000)
 ParOldGen       total 148480K, used 51471K [0x00000000a0000000, 0x00000000a9100000, 0x00000000e0000000)
  object space 148480K, 34% used [0x00000000a0000000,0x00000000a3243c00,0x00000000a9100000)
 Metaspace       used 71708K, capacity 74296K, committed 74664K, reserved 1114112K
  class space    used 9678K, capacity 10285K, committed 10408K, reserved 1048576K
}
Event: 64.743 GC heap before
{Heap before GC invocations=19 (full 3):
 PSYoungGen      total 193024K, used 193001K [0x00000000e0000000, 0x00000000efc80000, 0x0000000100000000)
  eden space 168960K, 100% used [0x00000000e0000000,0x00000000ea500000,0x00000000ea500000)
  from space 24064K, 99% used [0x00000000ea500000,0x00000000ebc7a788,0x00000000ebc80000)
  to   space 32768K, 0% used [0x00000000edc80000,0x00000000edc80000,0x00000000efc80000)
 ParOldGen       total 148480K, used 51471K [0x00000000a0000000, 0x00000000a9100000, 0x00000000e0000000)
  object space 148480K, 34% used [0x00000000a0000000,0x00000000a3243c00,0x00000000a9100000)
 Metaspace       used 76024K, capacity 78952K, committed 79144K, reserved 1118208K
  class space    used 10160K, capacity 10784K, committed 10792K, reserved 1048576K
Event: 64.816 GC heap after
Heap after GC invocations=19 (full 3):
 PSYoungGen      total 214528K, used 32749K [0x00000000e0000000, 0x00000000f1c00000, 0x0000000100000000)
  eden space 181760K, 0% used [0x00000000e0000000,0x00000000e0000000,0x00000000eb180000)
  from space 32768K, 99% used [0x00000000edc80000,0x00000000efc7b678,0x00000000efc80000)
  to   space 44032K, 0% used [0x00000000eb180000,0x00000000eb180000,0x00000000edc80000)
 ParOldGen       total 148480K, used 67811K [0x00000000a0000000, 0x00000000a9100000, 0x00000000e0000000)
  object space 148480K, 45% used [0x00000000a0000000,0x00000000a4238d70,0x00000000a9100000)
 Metaspace       used 76024K, capacity 78952K, committed 79144K, reserved 1118208K
  class space    used 10160K, capacity 10784K, committed 10792K, reserved 1048576K
}
Event: 70.404 GC heap before
{Heap before GC invocations=20 (full 3):
 PSYoungGen      total 214528K, used 214509K [0x00000000e0000000, 0x00000000f1c00000, 0x0000000100000000)
  eden space 181760K, 100% used [0x00000000e0000000,0x00000000eb180000,0x00000000eb180000)
  from space 32768K, 99% used [0x00000000edc80000,0x00000000efc7b678,0x00000000efc80000)
  to   space 44032K, 0% used [0x00000000eb180000,0x00000000eb180000,0x00000000edc80000)
 ParOldGen       total 148480K, used 67811K [0x00000000a0000000, 0x00000000a9100000, 0x00000000e0000000)
  object space 148480K, 45% used [0x00000000a0000000,0x00000000a4238d70,0x00000000a9100000)
 Metaspace       used 84485K, capacity 88440K, committed 88744K, reserved 1126400K
  class space    used 11325K, capacity 12102K, committed 12200K, reserved 1048576K
Event: 70.461 GC heap after
Heap after GC invocations=20 (full 3):
 PSYoungGen      total 225792K, used 35161K [0x00000000e0000000, 0x00000000f2700000, 0x0000000100000000)
  eden space 181760K, 0% used [0x00000000e0000000,0x00000000e0000000,0x00000000eb180000)
  from space 44032K, 79% used [0x00000000eb180000,0x00000000ed3d6438,0x00000000edc80000)
  to   space 47616K, 0% used [0x00000000ef880000,0x00000000ef880000,0x00000000f2700000)
 ParOldGen       total 148480K, used 78017K [0x00000000a0000000, 0x00000000a9100000, 0x00000000e0000000)
  object space 148480K, 52% used [0x00000000a0000000,0x00000000a4c304a0,0x00000000a9100000)
 Metaspace       used 84485K, capacity 88440K, committed 88744K, reserved 1126400K
  class space    used 11325K, capacity 12102K, committed 12200K, reserved 1048576K
}
Event: 254.131 GC heap before
{Heap before GC invocations=21 (full 3):
 PSYoungGen      total 225792K, used 216921K [0x00000000e0000000, 0x00000000f2700000, 0x0000000100000000)
  eden space 181760K, 100% used [0x00000000e0000000,0x00000000eb180000,0x00000000eb180000)
  from space 44032K, 79% used [0x00000000eb180000,0x00000000ed3d6438,0x00000000edc80000)
  to   space 47616K, 0% used [0x00000000ef880000,0x00000000ef880000,0x00000000f2700000)
 ParOldGen       total 148480K, used 78017K [0x00000000a0000000, 0x00000000a9100000, 0x00000000e0000000)
  object space 148480K, 52% used [0x00000000a0000000,0x00000000a4c304a0,0x00000000a9100000)
 Metaspace       used 89862K, capacity 94010K, committed 94120K, reserved 1130496K
  class space    used 11851K, capacity 12673K, committed 12712K, reserved 1048576K
Event: 254.233 GC heap after
Heap after GC invocations=21 (full 3):
 PSYoungGen      total 245248K, used 47589K [0x00000000e0000000, 0x00000000f3480000, 0x0000000100000000)
  eden space 197632K, 0% used [0x00000000e0000000,0x00000000e0000000,0x00000000ec100000)
  from space 47616K, 99% used [0x00000000ef880000,0x00000000f26f95a8,0x00000000f2700000)
  to   space 56832K, 0% used [0x00000000ec100000,0x00000000ec100000,0x00000000ef880000)
 ParOldGen       total 148480K, used 82478K [0x00000000a0000000, 0x00000000a9100000, 0x00000000e0000000)
  object space 148480K, 55% used [0x00000000a0000000,0x00000000a508b8b0,0x00000000a9100000)
 Metaspace       used 89862K, capacity 94010K, committed 94120K, reserved 1130496K
  class space    used 11851K, capacity 12673K, committed 12712K, reserved 1048576K
}

